

Started GET "/" for 127.0.0.1 at 2018-12-14 10:54:13 -0600
Processing by Rails::WelcomeController#index as HTML
  Rendered /Users/nathan/.rvm/gems/ruby-2.1.2/gems/railties-4.1.2/lib/rails/templates/rails/welcome/index.html.erb (7.5ms)
Completed 200 OK in 100ms (Views: 34.5ms | ActiveRecord: 0.0ms)


Started GET "/entry" for 127.0.0.1 at 2018-12-14 11:26:51 -0600

ActionController::RoutingError (No route matches [GET] "/entry"):
  actionpack (4.1.2) lib/action_dispatch/middleware/debug_exceptions.rb:21:in `call'
  actionpack (4.1.2) lib/action_dispatch/middleware/show_exceptions.rb:30:in `call'
  railties (4.1.2) lib/rails/rack/logger.rb:38:in `call_app'
  railties (4.1.2) lib/rails/rack/logger.rb:20:in `block in call'
  activesupport (4.1.2) lib/active_support/tagged_logging.rb:68:in `block in tagged'
  activesupport (4.1.2) lib/active_support/tagged_logging.rb:26:in `tagged'
  activesupport (4.1.2) lib/active_support/tagged_logging.rb:68:in `tagged'
  railties (4.1.2) lib/rails/rack/logger.rb:20:in `call'
  actionpack (4.1.2) lib/action_dispatch/middleware/request_id.rb:21:in `call'
  rack (1.5.5) lib/rack/methodoverride.rb:21:in `call'
  rack (1.5.5) lib/rack/runtime.rb:17:in `call'
  activesupport (4.1.2) lib/active_support/cache/strategy/local_cache_middleware.rb:26:in `call'
  rack (1.5.5) lib/rack/lock.rb:17:in `call'
  actionpack (4.1.2) lib/action_dispatch/middleware/static.rb:64:in `call'
  rack (1.5.5) lib/rack/sendfile.rb:112:in `call'
  railties (4.1.2) lib/rails/engine.rb:514:in `call'
  railties (4.1.2) lib/rails/application.rb:144:in `call'
  rack (1.5.5) lib/rack/lock.rb:17:in `call'
  rack (1.5.5) lib/rack/content_length.rb:14:in `call'
  rack (1.5.5) lib/rack/handler/webrick.rb:60:in `service'
  /Users/nathan/.rvm/rubies/ruby-2.1.2/lib/ruby/2.1.0/webrick/httpserver.rb:138:in `service'
  /Users/nathan/.rvm/rubies/ruby-2.1.2/lib/ruby/2.1.0/webrick/httpserver.rb:94:in `run'
  /Users/nathan/.rvm/rubies/ruby-2.1.2/lib/ruby/2.1.0/webrick/server.rb:295:in `block in start_thread'


  Rendered /Users/nathan/.rvm/gems/ruby-2.1.2/gems/actionpack-4.1.2/lib/action_dispatch/middleware/templates/rescues/_trace.html.erb (6.8ms)
  Rendered /Users/nathan/.rvm/gems/ruby-2.1.2/gems/actionpack-4.1.2/lib/action_dispatch/middleware/templates/routes/_table.html.erb (10.8ms)
  Rendered /Users/nathan/.rvm/gems/ruby-2.1.2/gems/actionpack-4.1.2/lib/action_dispatch/middleware/templates/rescues/routing_error.html.erb within rescues/layout (48.9ms)


Started GET "/entry" for 127.0.0.1 at 2018-12-14 12:47:59 -0600

ActiveRecord::PendingMigrationError (

Migrations are pending. To resolve this issue, run:

	bin/rake db:migrate RAILS_ENV=development

):
  activerecord (4.1.2) lib/active_record/migration.rb:389:in `check_pending!'
  activerecord (4.1.2) lib/active_record/migration.rb:377:in `call'
  actionpack (4.1.2) lib/action_dispatch/middleware/callbacks.rb:29:in `block in call'
  activesupport (4.1.2) lib/active_support/callbacks.rb:82:in `run_callbacks'
  actionpack (4.1.2) lib/action_dispatch/middleware/callbacks.rb:27:in `call'
  actionpack (4.1.2) lib/action_dispatch/middleware/reloader.rb:73:in `call'
  actionpack (4.1.2) lib/action_dispatch/middleware/remote_ip.rb:76:in `call'
  actionpack (4.1.2) lib/action_dispatch/middleware/debug_exceptions.rb:17:in `call'
  actionpack (4.1.2) lib/action_dispatch/middleware/show_exceptions.rb:30:in `call'
  railties (4.1.2) lib/rails/rack/logger.rb:38:in `call_app'
  railties (4.1.2) lib/rails/rack/logger.rb:20:in `block in call'
  activesupport (4.1.2) lib/active_support/tagged_logging.rb:68:in `block in tagged'
  activesupport (4.1.2) lib/active_support/tagged_logging.rb:26:in `tagged'
  activesupport (4.1.2) lib/active_support/tagged_logging.rb:68:in `tagged'
  railties (4.1.2) lib/rails/rack/logger.rb:20:in `call'
  actionpack (4.1.2) lib/action_dispatch/middleware/request_id.rb:21:in `call'
  rack (1.5.5) lib/rack/methodoverride.rb:21:in `call'
  rack (1.5.5) lib/rack/runtime.rb:17:in `call'
  activesupport (4.1.2) lib/active_support/cache/strategy/local_cache_middleware.rb:26:in `call'
  rack (1.5.5) lib/rack/lock.rb:17:in `call'
  actionpack (4.1.2) lib/action_dispatch/middleware/static.rb:64:in `call'
  rack (1.5.5) lib/rack/sendfile.rb:112:in `call'
  railties (4.1.2) lib/rails/engine.rb:514:in `call'
  railties (4.1.2) lib/rails/application.rb:144:in `call'
  rack (1.5.5) lib/rack/lock.rb:17:in `call'
  rack (1.5.5) lib/rack/content_length.rb:14:in `call'
  rack (1.5.5) lib/rack/handler/webrick.rb:60:in `service'
  /Users/nathan/.rvm/rubies/ruby-2.1.2/lib/ruby/2.1.0/webrick/httpserver.rb:138:in `service'
  /Users/nathan/.rvm/rubies/ruby-2.1.2/lib/ruby/2.1.0/webrick/httpserver.rb:94:in `run'
  /Users/nathan/.rvm/rubies/ruby-2.1.2/lib/ruby/2.1.0/webrick/server.rb:295:in `block in start_thread'


  Rendered /Users/nathan/.rvm/gems/ruby-2.1.2/gems/actionpack-4.1.2/lib/action_dispatch/middleware/templates/rescues/_source.erb (1.2ms)
  Rendered /Users/nathan/.rvm/gems/ruby-2.1.2/gems/actionpack-4.1.2/lib/action_dispatch/middleware/templates/rescues/_trace.html.erb (2.5ms)
  Rendered /Users/nathan/.rvm/gems/ruby-2.1.2/gems/actionpack-4.1.2/lib/action_dispatch/middleware/templates/rescues/_request_and_response.html.erb (5.3ms)
  Rendered /Users/nathan/.rvm/gems/ruby-2.1.2/gems/actionpack-4.1.2/lib/action_dispatch/middleware/templates/rescues/diagnostics.erb within rescues/layout (45.0ms)
  [1m[36m (2.7ms)[0m  [1mCREATE TABLE "schema_migrations" ("version" varchar(255) NOT NULL) [0m
  [1m[35m (0.1ms)[0m  select sqlite_version(*)
  [1m[36m (1.0ms)[0m  [1mCREATE UNIQUE INDEX "unique_schema_migrations" ON "schema_migrations" ("version")[0m
  [1m[35mActiveRecord::SchemaMigration Load (0.1ms)[0m  SELECT "schema_migrations".* FROM "schema_migrations"
Migrating to CreateEntries (20181214184745)
  [1m[36m (0.1ms)[0m  [1mbegin transaction[0m
  [1m[35m (0.1ms)[0m  rollback transaction
  [1m[36mActiveRecord::SchemaMigration Load (0.4ms)[0m  [1mSELECT "schema_migrations".* FROM "schema_migrations"[0m
Migrating to CreateEntries (20181214185148)
  [1m[35m (0.1ms)[0m  begin transaction
  [1m[36m (0.1ms)[0m  [1mrollback transaction[0m
  [1m[36mActiveRecord::SchemaMigration Load (2.1ms)[0m  [1mSELECT "schema_migrations".* FROM "schema_migrations"[0m
Migrating to CreateEntries (20181214185232)
  [1m[35m (0.1ms)[0m  begin transaction
  [1m[36m (0.1ms)[0m  [1mrollback transaction[0m
  [1m[36mActiveRecord::SchemaMigration Load (0.4ms)[0m  [1mSELECT "schema_migrations".* FROM "schema_migrations"[0m
Migrating to CreateEntries (20181214185315)
  [1m[35m (0.1ms)[0m  begin transaction
  [1m[36m (0.8ms)[0m  [1mCREATE TABLE "entries" ("id" INTEGER PRIMARY KEY AUTOINCREMENT NOT NULL, "firstName" varchar(255), "lastName" varchar(255), "address" varchar(255), "apt" varchar(255), "city" varchar(255), "state" varchar(255), "email" varchar(255), "purchTime" varchar(255), "interest" varchar(255), "possPurch" varchar(255), "opinion" integer, "partcipate" varchar(255), "minor" boolean, "sign" varchar(255), "news" boolean, "dealerCont" boolean, "time" datetime, "created_at" datetime, "updated_at" datetime) [0m
  [1m[35mSQL (0.3ms)[0m  INSERT INTO "schema_migrations" ("version") VALUES (?)  [["version", "20181214185315"]]
  [1m[36m (1.2ms)[0m  [1mcommit transaction[0m
  [1m[35mActiveRecord::SchemaMigration Load (0.1ms)[0m  SELECT "schema_migrations".* FROM "schema_migrations"


Started GET "/entry" for 127.0.0.1 at 2018-12-14 12:53:33 -0600
  [1m[36mActiveRecord::SchemaMigration Load (0.3ms)[0m  [1mSELECT "schema_migrations".* FROM "schema_migrations"[0m

ActionController::RoutingError (No route matches [GET] "/entry"):
  actionpack (4.1.2) lib/action_dispatch/middleware/debug_exceptions.rb:21:in `call'
  actionpack (4.1.2) lib/action_dispatch/middleware/show_exceptions.rb:30:in `call'
  railties (4.1.2) lib/rails/rack/logger.rb:38:in `call_app'
  railties (4.1.2) lib/rails/rack/logger.rb:20:in `block in call'
  activesupport (4.1.2) lib/active_support/tagged_logging.rb:68:in `block in tagged'
  activesupport (4.1.2) lib/active_support/tagged_logging.rb:26:in `tagged'
  activesupport (4.1.2) lib/active_support/tagged_logging.rb:68:in `tagged'
  railties (4.1.2) lib/rails/rack/logger.rb:20:in `call'
  actionpack (4.1.2) lib/action_dispatch/middleware/request_id.rb:21:in `call'
  rack (1.5.5) lib/rack/methodoverride.rb:21:in `call'
  rack (1.5.5) lib/rack/runtime.rb:17:in `call'
  activesupport (4.1.2) lib/active_support/cache/strategy/local_cache_middleware.rb:26:in `call'
  rack (1.5.5) lib/rack/lock.rb:17:in `call'
  actionpack (4.1.2) lib/action_dispatch/middleware/static.rb:64:in `call'
  rack (1.5.5) lib/rack/sendfile.rb:112:in `call'
  railties (4.1.2) lib/rails/engine.rb:514:in `call'
  railties (4.1.2) lib/rails/application.rb:144:in `call'
  rack (1.5.5) lib/rack/lock.rb:17:in `call'
  rack (1.5.5) lib/rack/content_length.rb:14:in `call'
  rack (1.5.5) lib/rack/handler/webrick.rb:60:in `service'
  /Users/nathan/.rvm/rubies/ruby-2.1.2/lib/ruby/2.1.0/webrick/httpserver.rb:138:in `service'
  /Users/nathan/.rvm/rubies/ruby-2.1.2/lib/ruby/2.1.0/webrick/httpserver.rb:94:in `run'
  /Users/nathan/.rvm/rubies/ruby-2.1.2/lib/ruby/2.1.0/webrick/server.rb:295:in `block in start_thread'


  Rendered /Users/nathan/.rvm/gems/ruby-2.1.2/gems/actionpack-4.1.2/lib/action_dispatch/middleware/templates/rescues/_trace.html.erb (1.7ms)
  Rendered /Users/nathan/.rvm/gems/ruby-2.1.2/gems/actionpack-4.1.2/lib/action_dispatch/middleware/templates/routes/_route.html.erb (2.2ms)
  Rendered /Users/nathan/.rvm/gems/ruby-2.1.2/gems/actionpack-4.1.2/lib/action_dispatch/middleware/templates/routes/_table.html.erb (3.1ms)
  Rendered /Users/nathan/.rvm/gems/ruby-2.1.2/gems/actionpack-4.1.2/lib/action_dispatch/middleware/templates/rescues/routing_error.html.erb within rescues/layout (42.8ms)


Started GET "/entries" for 127.0.0.1 at 2018-12-14 13:04:23 -0600
Processing by EntriesController#index as HTML
  [1m[35mEntry Load (0.7ms)[0m  SELECT "entries".* FROM "entries"
  Rendered entries/index.html.erb within layouts/application (3.7ms)
Completed 200 OK in 1069ms (Views: 1055.3ms | ActiveRecord: 0.7ms)


Started GET "/assets/scaffolds.css?body=1" for 127.0.0.1 at 2018-12-14 13:04:25 -0600


Started GET "/assets/application.css?body=1" for 127.0.0.1 at 2018-12-14 13:04:25 -0600


Started GET "/assets/jquery.js?body=1" for 127.0.0.1 at 2018-12-14 13:04:25 -0600


Started GET "/assets/entries.css?body=1" for 127.0.0.1 at 2018-12-14 13:04:25 -0600


Started GET "/assets/jquery_ujs.js?body=1" for 127.0.0.1 at 2018-12-14 13:04:25 -0600


Started GET "/assets/turbolinks.js?body=1" for 127.0.0.1 at 2018-12-14 13:04:25 -0600


Started GET "/assets/application.js?body=1" for 127.0.0.1 at 2018-12-14 13:04:25 -0600


Started GET "/assets/entries.js?body=1" for 127.0.0.1 at 2018-12-14 13:04:25 -0600


Started GET "/entries" for 127.0.0.1 at 2018-12-14 13:08:38 -0600

LoadError (cannot load such file -- /Users/nathan/htdocs/SynergyTest/config/routes.rb):
  activesupport (4.1.2) lib/active_support/dependencies.rb:241:in `load'
  activesupport (4.1.2) lib/active_support/dependencies.rb:241:in `block in load'
  activesupport (4.1.2) lib/active_support/dependencies.rb:232:in `load_dependency'
  activesupport (4.1.2) lib/active_support/dependencies.rb:241:in `load'
  railties (4.1.2) lib/rails/application/routes_reloader.rb:40:in `block in load_paths'
  railties (4.1.2) lib/rails/application/routes_reloader.rb:40:in `each'
  railties (4.1.2) lib/rails/application/routes_reloader.rb:40:in `load_paths'
  railties (4.1.2) lib/rails/application/routes_reloader.rb:16:in `reload!'
  railties (4.1.2) lib/rails/application/routes_reloader.rb:26:in `block in updater'
  activesupport (4.1.2) lib/active_support/file_update_checker.rb:75:in `call'
  activesupport (4.1.2) lib/active_support/file_update_checker.rb:75:in `execute'
  railties (4.1.2) lib/rails/application/routes_reloader.rb:7:in `execute'
  railties (4.1.2) lib/rails/application/finisher.rb:83:in `block (2 levels) in <module:Finisher>'
  activesupport (4.1.2) lib/active_support/callbacks.rb:438:in `instance_exec'
  activesupport (4.1.2) lib/active_support/callbacks.rb:438:in `block in make_lambda'
  activesupport (4.1.2) lib/active_support/callbacks.rb:184:in `call'
  activesupport (4.1.2) lib/active_support/callbacks.rb:184:in `block in simple'
  activesupport (4.1.2) lib/active_support/callbacks.rb:185:in `call'
  activesupport (4.1.2) lib/active_support/callbacks.rb:185:in `block in simple'
  activesupport (4.1.2) lib/active_support/callbacks.rb:185:in `call'
  activesupport (4.1.2) lib/active_support/callbacks.rb:185:in `block in simple'
  activesupport (4.1.2) lib/active_support/callbacks.rb:86:in `call'
  activesupport (4.1.2) lib/active_support/callbacks.rb:86:in `run_callbacks'
  actionpack (4.1.2) lib/action_dispatch/middleware/reloader.rb:83:in `prepare!'
  actionpack (4.1.2) lib/action_dispatch/middleware/reloader.rb:71:in `call'
  actionpack (4.1.2) lib/action_dispatch/middleware/remote_ip.rb:76:in `call'
  actionpack (4.1.2) lib/action_dispatch/middleware/debug_exceptions.rb:17:in `call'
  actionpack (4.1.2) lib/action_dispatch/middleware/show_exceptions.rb:30:in `call'
  railties (4.1.2) lib/rails/rack/logger.rb:38:in `call_app'
  railties (4.1.2) lib/rails/rack/logger.rb:20:in `block in call'
  activesupport (4.1.2) lib/active_support/tagged_logging.rb:68:in `block in tagged'
  activesupport (4.1.2) lib/active_support/tagged_logging.rb:26:in `tagged'
  activesupport (4.1.2) lib/active_support/tagged_logging.rb:68:in `tagged'
  railties (4.1.2) lib/rails/rack/logger.rb:20:in `call'
  actionpack (4.1.2) lib/action_dispatch/middleware/request_id.rb:21:in `call'
  rack (1.5.5) lib/rack/methodoverride.rb:21:in `call'
  rack (1.5.5) lib/rack/runtime.rb:17:in `call'
  activesupport (4.1.2) lib/active_support/cache/strategy/local_cache_middleware.rb:26:in `call'
  rack (1.5.5) lib/rack/lock.rb:17:in `call'
  actionpack (4.1.2) lib/action_dispatch/middleware/static.rb:64:in `call'
  rack (1.5.5) lib/rack/sendfile.rb:112:in `call'
  railties (4.1.2) lib/rails/engine.rb:514:in `call'
  railties (4.1.2) lib/rails/application.rb:144:in `call'
  rack (1.5.5) lib/rack/lock.rb:17:in `call'
  rack (1.5.5) lib/rack/content_length.rb:14:in `call'
  rack (1.5.5) lib/rack/handler/webrick.rb:60:in `service'
  /Users/nathan/.rvm/rubies/ruby-2.1.2/lib/ruby/2.1.0/webrick/httpserver.rb:138:in `service'
  /Users/nathan/.rvm/rubies/ruby-2.1.2/lib/ruby/2.1.0/webrick/httpserver.rb:94:in `run'
  /Users/nathan/.rvm/rubies/ruby-2.1.2/lib/ruby/2.1.0/webrick/server.rb:295:in `block in start_thread'


  Rendered /Users/nathan/.rvm/gems/ruby-2.1.2/gems/actionpack-4.1.2/lib/action_dispatch/middleware/templates/rescues/_source.erb (1.5ms)
  Rendered /Users/nathan/.rvm/gems/ruby-2.1.2/gems/actionpack-4.1.2/lib/action_dispatch/middleware/templates/rescues/_trace.html.erb (2.1ms)
  Rendered /Users/nathan/.rvm/gems/ruby-2.1.2/gems/actionpack-4.1.2/lib/action_dispatch/middleware/templates/rescues/_request_and_response.html.erb (1.9ms)
  Rendered /Users/nathan/.rvm/gems/ruby-2.1.2/gems/actionpack-4.1.2/lib/action_dispatch/middleware/templates/rescues/diagnostics.erb within rescues/layout (29.6ms)


Started GET "/favicon.ico" for 127.0.0.1 at 2018-12-14 13:08:40 -0600

ActionController::RoutingError (No route matches [GET] "/favicon.ico"):
  actionpack (4.1.2) lib/action_dispatch/middleware/debug_exceptions.rb:21:in `call'
  actionpack (4.1.2) lib/action_dispatch/middleware/show_exceptions.rb:30:in `call'
  railties (4.1.2) lib/rails/rack/logger.rb:38:in `call_app'
  railties (4.1.2) lib/rails/rack/logger.rb:20:in `block in call'
  activesupport (4.1.2) lib/active_support/tagged_logging.rb:68:in `block in tagged'
  activesupport (4.1.2) lib/active_support/tagged_logging.rb:26:in `tagged'
  activesupport (4.1.2) lib/active_support/tagged_logging.rb:68:in `tagged'
  railties (4.1.2) lib/rails/rack/logger.rb:20:in `call'
  actionpack (4.1.2) lib/action_dispatch/middleware/request_id.rb:21:in `call'
  rack (1.5.5) lib/rack/methodoverride.rb:21:in `call'
  rack (1.5.5) lib/rack/runtime.rb:17:in `call'
  activesupport (4.1.2) lib/active_support/cache/strategy/local_cache_middleware.rb:26:in `call'
  rack (1.5.5) lib/rack/lock.rb:17:in `call'
  actionpack (4.1.2) lib/action_dispatch/middleware/static.rb:64:in `call'
  rack (1.5.5) lib/rack/sendfile.rb:112:in `call'
  railties (4.1.2) lib/rails/engine.rb:514:in `call'
  railties (4.1.2) lib/rails/application.rb:144:in `call'
  rack (1.5.5) lib/rack/lock.rb:17:in `call'
  rack (1.5.5) lib/rack/content_length.rb:14:in `call'
  rack (1.5.5) lib/rack/handler/webrick.rb:60:in `service'
  /Users/nathan/.rvm/rubies/ruby-2.1.2/lib/ruby/2.1.0/webrick/httpserver.rb:138:in `service'
  /Users/nathan/.rvm/rubies/ruby-2.1.2/lib/ruby/2.1.0/webrick/httpserver.rb:94:in `run'
  /Users/nathan/.rvm/rubies/ruby-2.1.2/lib/ruby/2.1.0/webrick/server.rb:295:in `block in start_thread'


  Rendered /Users/nathan/.rvm/gems/ruby-2.1.2/gems/actionpack-4.1.2/lib/action_dispatch/middleware/templates/rescues/_trace.html.erb (24.8ms)
  Rendered /Users/nathan/.rvm/gems/ruby-2.1.2/gems/actionpack-4.1.2/lib/action_dispatch/middleware/templates/routes/_table.html.erb (2.4ms)
  Rendered /Users/nathan/.rvm/gems/ruby-2.1.2/gems/actionpack-4.1.2/lib/action_dispatch/middleware/templates/rescues/routing_error.html.erb within rescues/layout (69.2ms)


Started GET "/entry" for 127.0.0.1 at 2018-12-14 13:18:29 -0600
  [1m[36mActiveRecord::SchemaMigration Load (1.2ms)[0m  [1mSELECT "schema_migrations".* FROM "schema_migrations"[0m

ActionController::RoutingError (No route matches [GET] "/entry"):
  actionpack (4.1.2) lib/action_dispatch/middleware/debug_exceptions.rb:21:in `call'
  actionpack (4.1.2) lib/action_dispatch/middleware/show_exceptions.rb:30:in `call'
  railties (4.1.2) lib/rails/rack/logger.rb:38:in `call_app'
  railties (4.1.2) lib/rails/rack/logger.rb:20:in `block in call'
  activesupport (4.1.2) lib/active_support/tagged_logging.rb:68:in `block in tagged'
  activesupport (4.1.2) lib/active_support/tagged_logging.rb:26:in `tagged'
  activesupport (4.1.2) lib/active_support/tagged_logging.rb:68:in `tagged'
  railties (4.1.2) lib/rails/rack/logger.rb:20:in `call'
  actionpack (4.1.2) lib/action_dispatch/middleware/request_id.rb:21:in `call'
  rack (1.5.5) lib/rack/methodoverride.rb:21:in `call'
  rack (1.5.5) lib/rack/runtime.rb:17:in `call'
  activesupport (4.1.2) lib/active_support/cache/strategy/local_cache_middleware.rb:26:in `call'
  rack (1.5.5) lib/rack/lock.rb:17:in `call'
  actionpack (4.1.2) lib/action_dispatch/middleware/static.rb:64:in `call'
  rack (1.5.5) lib/rack/sendfile.rb:112:in `call'
  railties (4.1.2) lib/rails/engine.rb:514:in `call'
  railties (4.1.2) lib/rails/application.rb:144:in `call'
  rack (1.5.5) lib/rack/lock.rb:17:in `call'
  rack (1.5.5) lib/rack/content_length.rb:14:in `call'
  rack (1.5.5) lib/rack/handler/webrick.rb:60:in `service'
  /Users/nathan/.rvm/rubies/ruby-2.1.2/lib/ruby/2.1.0/webrick/httpserver.rb:138:in `service'
  /Users/nathan/.rvm/rubies/ruby-2.1.2/lib/ruby/2.1.0/webrick/httpserver.rb:94:in `run'
  /Users/nathan/.rvm/rubies/ruby-2.1.2/lib/ruby/2.1.0/webrick/server.rb:295:in `block in start_thread'


  Rendered /Users/nathan/.rvm/gems/ruby-2.1.2/gems/actionpack-4.1.2/lib/action_dispatch/middleware/templates/rescues/_trace.html.erb (1.5ms)
  Rendered /Users/nathan/.rvm/gems/ruby-2.1.2/gems/actionpack-4.1.2/lib/action_dispatch/middleware/templates/routes/_route.html.erb (4.7ms)
  Rendered /Users/nathan/.rvm/gems/ruby-2.1.2/gems/actionpack-4.1.2/lib/action_dispatch/middleware/templates/routes/_table.html.erb (12.4ms)
  Rendered /Users/nathan/.rvm/gems/ruby-2.1.2/gems/actionpack-4.1.2/lib/action_dispatch/middleware/templates/rescues/routing_error.html.erb within rescues/layout (64.1ms)


Started GET "/entries" for 127.0.0.1 at 2018-12-14 13:18:36 -0600
Processing by EntriesController#index as HTML
  [1m[35mEntry Load (1.9ms)[0m  SELECT "entries".* FROM "entries"
  Rendered entries/index.html.erb within layouts/application (28.1ms)
Completed 200 OK in 7874ms (Views: 7849.4ms | ActiveRecord: 1.9ms)


Started GET "/assets/application.self.css?body=1" for 127.0.0.1 at 2018-12-14 13:18:44 -0600


Started GET "/assets/scaffolds.self.css?body=1" for 127.0.0.1 at 2018-12-14 13:18:44 -0600


Started GET "/assets/jquery.self.js?body=1" for 127.0.0.1 at 2018-12-14 13:18:44 -0600


Started GET "/assets/jquery_ujs.self.js?body=1" for 127.0.0.1 at 2018-12-14 13:18:44 -0600


Started GET "/assets/entries.self.js?body=1" for 127.0.0.1 at 2018-12-14 13:18:44 -0600


Started GET "/assets/application.self.js?body=1" for 127.0.0.1 at 2018-12-14 13:18:44 -0600


Started GET "/assets/turbolinks.self.js?body=1" for 127.0.0.1 at 2018-12-14 13:18:44 -0600


Started GET "/assets/entries.self.css?body=1" for 127.0.0.1 at 2018-12-14 13:18:44 -0600


Started GET "/entries/new" for 127.0.0.1 at 2018-12-14 13:20:41 -0600
Processing by EntriesController#new as HTML
  Rendered entries/_form.html.erb (215.3ms)
  Rendered entries/new.html.erb within layouts/application (223.7ms)
Completed 200 OK in 304ms (Views: 300.4ms | ActiveRecord: 0.8ms)


Started GET "/assets/entries.self.css?body=1" for 127.0.0.1 at 2018-12-14 13:21:14 -0600


Started GET "/assets/scaffolds.self.css?body=1" for 127.0.0.1 at 2018-12-14 13:21:14 -0600


Started GET "/assets/application.self.css?body=1" for 127.0.0.1 at 2018-12-14 13:21:14 -0600
